2026-05-11T06:06:10.464+05:30  INFO 21788 --- [demo] [main] com.watsappclone.start.DemoApplication   : Starting DemoApplication using Java 17.0.3 with PID 21788 (C:\Users\vijay\Downloads\demo\demo\target\classes started by vijay in C:\Users\vijay\Downloads\demo\demo)
2026-05-11T06:06:10.480+05:30 DEBUG 21788 --- [demo] [main] com.watsappclone.start.DemoApplication   : Running with Spring Boot v4.0.5, Spring v7.0.6
2026-05-11T06:06:10.483+05:30  INFO 21788 --- [demo] [main] com.watsappclone.start.DemoApplication   : No active profile set, falling back to 1 default profile: "default"
2026-05-11T06:06:12.157+05:30  INFO 21788 --- [demo] [main] .s.d.r.c.RepositoryConfigurationDelegate : Bootstrapping Spring Data JPA repositories in DEFAULT mode.
2026-05-11T06:06:12.266+05:30  INFO 21788 --- [demo] [main] .s.d.r.c.RepositoryConfigurationDelegate : Finished Spring Data repository scanning in 89 ms. Found 4 JPA repository interfaces.
2026-05-11T06:06:13.739+05:30  INFO 21788 --- [demo] [main] o.s.boot.tomcat.TomcatWebServer          : Tomcat initialized with port 8080 (http)
2026-05-11T06:06:13.810+05:30  INFO 21788 --- [demo] [main] o.apache.catalina.core.StandardService   : Starting service [Tomcat]
2026-05-11T06:06:13.810+05:30  INFO 21788 --- [demo] [main] o.apache.catalina.core.StandardEngine    : Starting Servlet engine: [Apache Tomcat/11.0.20]
2026-05-11T06:06:13.964+05:30  INFO 21788 --- [demo] [main] b.w.c.s.WebApplicationContextInitializer : Root WebApplicationContext: initialization completed in 3388 ms
2026-05-11T06:06:14.314+05:30  INFO 21788 --- [demo] [main] org.hibernate.orm.jpa                    : HHH008540: Processing PersistenceUnitInfo [name: default]
2026-05-11T06:06:14.494+05:30  INFO 21788 --- [demo] [main] org.hibernate.orm.core                   : HHH000001: Hibernate ORM core version 7.2.7.Final
2026-05-11T06:06:15.407+05:30  INFO 21788 --- [demo] [main] o.s.o.j.p.SpringPersistenceUnitInfo      : No LoadTimeWeaver setup: ignoring JPA class transformer
2026-05-11T06:06:15.475+05:30  INFO 21788 --- [demo] [main] com.zaxxer.hikari.HikariDataSource       : HikariPool-1 - Starting...
2026-05-11T06:06:16.068+05:30  INFO 21788 --- [demo] [main] com.zaxxer.hikari.pool.HikariPool        : HikariPool-1 - Added connection com.mysql.cj.jdbc.ConnectionImpl@5cf072ea
2026-05-11T06:06:16.071+05:30  INFO 21788 --- [demo] [main] com.zaxxer.hikari.HikariDataSource       : HikariPool-1 - Start completed.
2026-05-11T06:06:16.292+05:30  INFO 21788 --- [demo] [main] org.hibernate.orm.connections.pooling    : HHH10001005: Database info:
	Database JDBC URL [jdbc:mysql://localhost:3306/watsapp]
	Database driver: MySQL Connector/J
	Database dialect: MySQLDialect
	Database version: 8.0.43
	Default catalog/schema: watsapp/undefined
	Autocommit mode: undefined/unknown
	Isolation level: REPEATABLE_READ [default REPEATABLE_READ]
	JDBC fetch size: none
	Pool: DataSourceConnectionProvider
	Minimum pool size: undefined/unknown
	Maximum pool size: undefined/unknown
2026-05-11T06:06:18.175+05:30  INFO 21788 --- [demo] [main] org.hibernate.orm.core                   : HHH000489: No JTA platform available (set 'hibernate.transaction.jta.platform' to enable JTA platform integration)
2026-05-11T06:06:18.321+05:30  INFO 21788 --- [demo] [main] j.LocalContainerEntityManagerFactoryBean : Initialized JPA EntityManagerFactory for persistence unit 'default'
2026-05-11T06:06:18.447+05:30  INFO 21788 --- [demo] [main] o.s.d.j.r.query.QueryEnhancerFactories   : Hibernate is in classpath; If applicable, HQL parser will be used.
2026-05-11T06:06:18.981+05:30 DEBUG 21788 --- [demo] [main] c.w.s.security.JwtAuthenticationFilter   : Filter 'jwtAuthenticationFilter' configured for use
2026-05-11T06:06:19.160+05:30  WARN 21788 --- [demo] [main] JpaBaseConfiguration$JpaWebConfiguration : spring.jpa.open-in-view is enabled by default. Therefore, database queries may be performed during view rendering. Explicitly configure spring.jpa.open-in-view to disable this warning
2026-05-11T06:06:19.403+05:30  WARN 21788 --- [demo] [main] .s.a.UserDetailsServiceAutoConfiguration : 

Using generated security password: df58c308-d221-4e1e-bbbc-f6af3edc5ca4

This generated password is for development use only. Your security configuration must be updated before running your application in production.

2026-05-11T06:06:19.438+05:30  INFO 21788 --- [demo] [main] r$InitializeUserDetailsManagerConfigurer : Global AuthenticationManager configured with UserDetailsService bean with name inMemoryUserDetailsManager
2026-05-11T06:06:20.739+05:30  INFO 21788 --- [demo] [main] o.s.boot.tomcat.TomcatWebServer          : Tomcat started on port 8080 (http) with context path '/'
2026-05-11T06:06:20.754+05:30  INFO 21788 --- [demo] [main] com.watsappclone.start.DemoApplication   : Started DemoApplication in 11.206 seconds (process running for 12.086)
